2025-06-19 23:10:52,104 - ERROR - [WinError 5] Access is denied: 'C:\\Users\\DELL\\AppData\\Local\\Temp\\tmpxm14odvk\\EBWebView\\CrashpadMetrics-active.pma'
Traceback (most recent call last):
  File "C:\Users\DELL\AppData\Local\Programs\Python\Python311\Lib\site-packages\webview\platforms\edgechromium.py", line 94, in clear_user_data
    shutil.rmtree(self.user_data_folder)
  File "C:\Users\DELL\AppData\Local\Programs\Python\Python311\Lib\shutil.py", line 759, in rmtree
    return _rmtree_unsafe(path, onerror)
           ^^^^^^^^^^^^^^^^^^^^^^^^^^^^^
  File "C:\Users\DELL\AppData\Local\Programs\Python\Python311\Lib\shutil.py", line 617, in _rmtree_unsafe
    _rmtree_unsafe(fullname, onerror)
  File "C:\Users\DELL\AppData\Local\Programs\Python\Python311\Lib\shutil.py", line 622, in _rmtree_unsafe
    onerror(os.unlink, fullname, sys.exc_info())
  File "C:\Users\DELL\AppData\Local\Programs\Python\Python311\Lib\shutil.py", line 620, in _rmtree_unsafe
    os.unlink(fullname)
PermissionError: [WinError 5] Access is denied: 'C:\\Users\\DELL\\AppData\\Local\\Temp\\tmpxm14odvk\\EBWebView\\CrashpadMetrics-active.pma'
2025-06-19 23:14:16,403 - ERROR - Traceback (most recent call last):
  File "C:\Users\DELL\AppData\Local\Programs\Python\Python311\Lib\site-packages\webview\util.py", line 241, in _call
    result = func(*func_params)
             ^^^^^^^^^^^^^^^^^^
  File "C:\Users\DELL\Documents\spotify_modernui\app.py", line 311, in browse_folder
    paths = webview.create_file_dialog(webview.FOLDER_DIALOG)
            ^^^^^^^^^^^^^^^^^^^^^^^^^^
AttributeError: module 'webview' has no attribute 'create_file_dialog'

2025-06-19 23:14:24,359 - ERROR - Traceback (most recent call last):
  File "C:\Users\DELL\AppData\Local\Programs\Python\Python311\Lib\site-packages\webview\util.py", line 241, in _call
    result = func(*func_params)
             ^^^^^^^^^^^^^^^^^^
  File "C:\Users\DELL\Documents\spotify_modernui\app.py", line 311, in browse_folder
    paths = webview.create_file_dialog(webview.FOLDER_DIALOG)
            ^^^^^^^^^^^^^^^^^^^^^^^^^^
AttributeError: module 'webview' has no attribute 'create_file_dialog'

2025-06-19 23:19:56,815 - WARNING - Error downloading video UNZqm3dxd2w: [0;31mERROR:[0m [youtube] UNZqm3dxd2w: Sign in to confirm you’re not a bot. This helps protect our community. Learn more
2025-06-19 23:19:59,198 - WARNING - Error downloading video UNZqm3dxd2w: [0;31mERROR:[0m [youtube] UNZqm3dxd2w: Sign in to confirm you’re not a bot. This helps protect our community. Learn more
2025-06-19 23:20:02,047 - WARNING - Error downloading video KPpouY3N6Vs: [0;31mERROR:[0m [youtube] KPpouY3N6Vs: Sign in to confirm you’re not a bot. This helps protect our community. Learn more
2025-06-19 23:20:09,357 - WARNING - Error downloading video wXhTHyIgQ_U: [0;31mERROR:[0m [youtube] wXhTHyIgQ_U: Sign in to confirm you’re not a bot. This helps protect our community. Learn more
2025-06-19 23:20:11,328 - WARNING - Error downloading video wXhTHyIgQ_U: [0;31mERROR:[0m [youtube] wXhTHyIgQ_U: Sign in to confirm you’re not a bot. This helps protect our community. Learn more
2025-06-19 23:20:14,476 - WARNING - Error downloading video wXhTHyIgQ_U: [0;31mERROR:[0m [youtube] wXhTHyIgQ_U: Sign in to confirm you’re not a bot. This helps protect our community. Learn more
2025-06-19 23:31:31,436 - WARNING - Error downloading video UNZqm3dxd2w: [0;31mERROR:[0m [youtube] UNZqm3dxd2w: Sign in to confirm you’re not a bot. This helps protect our community. Learn more
2025-06-19 23:31:33,751 - WARNING - Error downloading video UNZqm3dxd2w: [0;31mERROR:[0m [youtube] UNZqm3dxd2w: Sign in to confirm you’re not a bot. This helps protect our community. Learn more
2025-06-19 23:31:35,735 - WARNING - Error downloading video UNZqm3dxd2w: [0;31mERROR:[0m [youtube] UNZqm3dxd2w: Sign in to confirm you’re not a bot. This helps protect our community. Learn more
2025-06-19 23:31:41,228 - WARNING - Error downloading video wXhTHyIgQ_U: [0;31mERROR:[0m [youtube] wXhTHyIgQ_U: Sign in to confirm you’re not a bot. This helps protect our community. Learn more
2025-06-19 23:31:43,767 - WARNING - Error downloading video wXhTHyIgQ_U: [0;31mERROR:[0m [youtube] wXhTHyIgQ_U: Sign in to confirm you’re not a bot. This helps protect our community. Learn more
2025-06-19 23:31:46,085 - WARNING - Error downloading video 9gkRJONZPSA: [0;31mERROR:[0m [youtube] 9gkRJONZPSA: Sign in to confirm you’re not a bot. This helps protect our community. Learn more
2025-06-19 23:31:51,461 - WARNING - Error downloading video QN8ssSHzGwU: [0;31mERROR:[0m [youtube] QN8ssSHzGwU: Sign in to confirm you’re not a bot. This helps protect our community. Learn more
2025-06-19 23:31:53,830 - WARNING - Error downloading video QN8ssSHzGwU: [0;31mERROR:[0m [youtube] QN8ssSHzGwU: Sign in to confirm you’re not a bot. This helps protect our community. Learn more
2025-06-19 23:31:56,389 - WARNING - Error downloading video oigcRpBOoZk: [0;31mERROR:[0m [youtube] oigcRpBOoZk: Sign in to confirm you’re not a bot. This helps protect our community. Learn more
2025-06-19 23:32:02,140 - WARNING - Error downloading video Jd6q69hO6X4: [0;31mERROR:[0m [youtube] Jd6q69hO6X4: Sign in to confirm you’re not a bot. This helps protect our community. Learn more
2025-06-19 23:32:04,417 - WARNING - Error downloading video Jd6q69hO6X4: [0;31mERROR:[0m [youtube] Jd6q69hO6X4: Sign in to confirm you’re not a bot. This helps protect our community. Learn more
2025-06-19 23:44:58,287 - WARNING - Error downloading video UNZqm3dxd2w: [0;31mERROR:[0m [youtube] UNZqm3dxd2w: Requested format is not available. Use --list-formats for a list of available formats
2025-06-19 23:45:05,352 - WARNING - Error downloading video UNZqm3dxd2w: [0;31mERROR:[0m [youtube] UNZqm3dxd2w: Requested format is not available. Use --list-formats for a list of available formats
2025-06-19 23:45:11,297 - WARNING - Error downloading video KPpouY3N6Vs: [0;31mERROR:[0m [youtube] KPpouY3N6Vs: Requested format is not available. Use --list-formats for a list of available formats
2025-06-19 23:45:21,825 - WARNING - Error downloading video wXhTHyIgQ_U: [0;31mERROR:[0m [youtube] wXhTHyIgQ_U: Requested format is not available. Use --list-formats for a list of available formats
2025-06-19 23:45:29,142 - WARNING - Error downloading video wXhTHyIgQ_U: [0;31mERROR:[0m [youtube] wXhTHyIgQ_U: Requested format is not available. Use --list-formats for a list of available formats
2025-06-19 23:45:36,825 - WARNING - Error downloading video 9gkRJONZPSA: [0;31mERROR:[0m [youtube] 9gkRJONZPSA: Requested format is not available. Use --list-formats for a list of available formats
2025-06-19 23:45:48,584 - WARNING - Error downloading video QN8ssSHzGwU: [0;31mERROR:[0m [youtube] QN8ssSHzGwU: Requested format is not available. Use --list-formats for a list of available formats
2025-06-19 23:45:56,511 - WARNING - Error downloading video QN8ssSHzGwU: [0;31mERROR:[0m [youtube] QN8ssSHzGwU: Requested format is not available. Use --list-formats for a list of available formats
2025-06-19 23:46:04,095 - WARNING - Error downloading video oigcRpBOoZk: [0;31mERROR:[0m [youtube] oigcRpBOoZk: Requested format is not available. Use --list-formats for a list of available formats
2025-06-19 23:46:19,573 - WARNING - Error downloading video Jd6q69hO6X4: [0;31mERROR:[0m [youtube] Jd6q69hO6X4: Requested format is not available. Use --list-formats for a list of available formats
2025-06-19 23:46:26,436 - WARNING - Error downloading video Jd6q69hO6X4: [0;31mERROR:[0m [youtube] Jd6q69hO6X4: Requested format is not available. Use --list-formats for a list of available formats
2025-06-19 23:46:34,839 - WARNING - Error downloading video KOc63G9oB64: [0;31mERROR:[0m [youtube] KOc63G9oB64: Requested format is not available. Use --list-formats for a list of available formats
2025-06-19 23:46:45,086 - WARNING - Error downloading video cgMgoUmHqiw: [0;31mERROR:[0m [youtube] cgMgoUmHqiw: Requested format is not available. Use --list-formats for a list of available formats
2025-06-19 23:46:51,802 - WARNING - Error downloading video cgMgoUmHqiw: [0;31mERROR:[0m [youtube] cgMgoUmHqiw: Requested format is not available. Use --list-formats for a list of available formats
2025-06-19 23:46:58,072 - WARNING - Error downloading video cgMgoUmHqiw: [0;31mERROR:[0m [youtube] cgMgoUmHqiw: Requested format is not available. Use --list-formats for a list of available formats
2025-06-19 23:47:09,883 - WARNING - Error downloading video AxI0WVKh2pQ: [0;31mERROR:[0m [youtube] AxI0WVKh2pQ: Requested format is not available. Use --list-formats for a list of available formats
2025-06-20 00:05:29,317 - INFO - Downloaded: Roddy Ricch - The Box
2025-06-20 00:05:47,498 - INFO - Downloaded: Post Malone - Circles
2025-06-20 00:06:01,883 - INFO - Downloaded: J. Cole - Deja Vu
2025-06-20 00:06:17,900 - INFO - Downloaded: Roddy Ricch - Peta (feat. Meek Mill)
